#
# A fatal error has been detected by the Java Runtime Environment:
#
#  EXCEPTION_ACCESS_VIOLATION (0xc0000005) at pc=0x000000006f6c8d85, pid=10960, tid=12780
#
# JRE version: Java(TM) SE Runtime Environment (8.0_74-b02) (build 1.8.0_74-b02)
# Java VM: Java HotSpot(TM) 64-Bit Server VM (25.74-b02 mixed mode windows-amd64 compressed oops)
# Problematic frame:
# V  [jvm.dll+0x128d85]
#
# Failed to write core dump. Minidumps are not enabled by default on client versions of Windows
#
# If you would like to submit a bug report, please visit:
#   http://bugreport.java.com/bugreport/crash.jsp
#

---------------  T H R E A D  ---------------

Current thread (0x000000001d5b2000):  JavaThread "JDWP Transport Listener: dt_socket" daemon [_thread_in_vm, id=12780, stack(0x000000001ef10000,0x000000001f010000)]

siginfo: ExceptionCode=0xc0000005, reading address 0xffffffffffffffff

Registers:
RAX=0x000000001f00f601, RBX=0x000000001d5b2000, RCX=0x3eb0fff620000000, RDX=0x0000000000000000
RSP=0x000000001f00f600, RBP=0x3eb0fff620000000, RSI=0x000000001f00f718, RDI=0x000000000202cdb0
R8 =0x000000001d5b2000, R9 =0x000000000000ff00, R10=0x0000000000000000, R11=0x0000008400290007
R12=0x0000000000000000, R13=0x000000001d5b8838, R14=0x0000000000000000, R15=0x0000000000000000
RIP=0x000000006f6c8d85, EFLAGS=0x0000000000010206

Top of Stack: (sp=0x000000001f00f600)
0x000000001f00f600:   000000001d5b2000 000000001d5b2000
0x000000001f00f610:   000000001f00f6c8 000000006f8ce33b
0x000000001f00f620:   000000001d5b2000 000000006f8eab9d
0x000000001f00f630:   0000000000000000 000000006cfb9155
0x000000001f00f640:   000000001d695448 000000006cfc291e
0x000000001f00f650:   000000001d5b2000 0000000000000000
0x000000001f00f660:   0000000000000000 0000000000000000
0x000000001f00f670:   3eb0fff620000000 000000006cfc1a15
0x000000001f00f680:   000000001f00f718 000000001f00f6f0
0x000000001f00f690:   0000000000000001 000000001d695448
0x000000001f00f6a0:   3eb0fff620000000 000000006cfa53b3
0x000000001f00f6b0:   000000001f00f7e0 0000000000000001
0x000000001f00f6c0:   0000000000000001 000000001d695448
0x000000001f00f6d0:   00000000f000100a 0000000000000000
0x000000001f00f6e0:   0000000000000000 0000000000000000
0x000000001f00f6f0:   0000000000000001 000000006cfa5571 

Instructions: (pc=0x000000006f6c8d85)
0x000000006f6c8d65:   cc cc cc cc cc cc cc cc cc cc cc 48 83 ec 28 48
0x000000006f6c8d75:   85 c9 75 07 33 c0 48 83 c4 28 c3 48 89 5c 24 20
0x000000006f6c8d85:   48 8b 19 48 85 db 74 20 48 83 fb 37 74 1a 48 8b
0x000000006f6c8d95:   13 48 8b cb ff 52 10 84 c0 74 0d 48 8b c3 48 8b 


Register to memory mapping:

RAX=0x000000001f00f601 is pointing into the stack for thread: 0x000000001d5b2000
RBX=0x000000001d5b2000 is a thread
RCX=0x3eb0fff620000000 is an unknown value
RDX=0x0000000000000000 is an unknown value
RSP=0x000000001f00f600 is pointing into the stack for thread: 0x000000001d5b2000
RBP=0x3eb0fff620000000 is an unknown value
RSI=0x000000001f00f718 is pointing into the stack for thread: 0x000000001d5b2000
RDI=0x000000000202cdb0 is an unknown value
R8 =0x000000001d5b2000 is a thread
R9 =0x000000000000ff00 is an unknown value
R10=0x0000000000000000 is an unknown value
R11=0x0000008400290007 is an unknown value
R12=0x0000000000000000 is an unknown value
R13=0x000000001d5b8838 is an unknown value
R14=0x0000000000000000 is an unknown value
R15=0x0000000000000000 is an unknown value


Stack: [0x000000001ef10000,0x000000001f010000],  sp=0x000000001f00f600,  free space=1021k
Native frames: (J=compiled Java code, j=interpreted, Vv=VM code, C=native code)
V  [jvm.dll+0x128d85]
V  [jvm.dll+0x34ab9d]
C  [jdwp.dll+0x21a15]
C  [jdwp.dll+0x53b3]
C  [jdwp.dll+0x5571]
C  [jdwp.dll+0xf0a8]
C  [jdwp.dll+0x1f2d5]
C  [jdwp.dll+0x1f4aa]
V  [jvm.dll+0x1bba58]
V  [jvm.dll+0x243434]
V  [jvm.dll+0x29a27a]
C  [msvcr100.dll+0x21d9f]
C  [msvcr100.dll+0x21e3b]
C  [kernel32.dll+0x159bd]
C  [ntdll.dll+0x2a2e1]


---------------  P R O C E S S  ---------------

Java Threads: ( => current thread )
  0x000000001d66d800 JavaThread "Service Thread" daemon [_thread_blocked, id=13948, stack(0x000000001f990000,0x000000001fa90000)]
  0x000000001d5e5800 JavaThread "C1 CompilerThread3" daemon [_thread_blocked, id=15352, stack(0x000000001f730000,0x000000001f830000)]
  0x000000001d5ce000 JavaThread "C2 CompilerThread2" daemon [_thread_blocked, id=10592, stack(0x000000001f3e0000,0x000000001f4e0000)]
  0x000000001d5cd800 JavaThread "C2 CompilerThread1" daemon [_thread_blocked, id=14520, stack(0x000000001f510000,0x000000001f610000)]
  0x000000001d5d7800 JavaThread "C2 CompilerThread0" daemon [_thread_blocked, id=13072, stack(0x000000001f260000,0x000000001f360000)]
  0x000000001d5c0000 JavaThread "JDWP Command Reader" daemon [_thread_in_native, id=13516, stack(0x000000001f090000,0x000000001f190000)]
  0x000000001d5bd800 JavaThread "JDWP Event Helper Thread" daemon [_thread_blocked, id=13204, stack(0x000000001ec80000,0x000000001ed80000)]
=>0x000000001d5b2000 JavaThread "JDWP Transport Listener: dt_socket" daemon [_thread_in_vm, id=12780, stack(0x000000001ef10000,0x000000001f010000)]
  0x000000001d5a8800 JavaThread "Attach Listener" daemon [_thread_blocked, id=14020, stack(0x000000001eae0000,0x000000001ebe0000)]
  0x000000001d5a7800 JavaThread "Signal Dispatcher" daemon [_thread_blocked, id=14884, stack(0x000000001e910000,0x000000001ea10000)]
  0x000000001c4f5000 JavaThread "Finalizer" daemon [_thread_blocked, id=13844, stack(0x000000001e670000,0x000000001e770000)]
  0x000000001c4ee000 JavaThread "Reference Handler" daemon [_thread_blocked, id=14200, stack(0x000000001e7c0000,0x000000001e8c0000)]
  0x000000000209a800 JavaThread "main" [_thread_blocked, id=13376, stack(0x0000000002390000,0x0000000002490000)]

Other Threads:
  0x000000001d552800 VMThread [stack: 0x000000001e520000,0x000000001e620000] [id=11076]
  0x000000001d68e000 WatcherThread [stack: 0x000000001fad0000,0x000000001fbd0000] [id=13176]

VM state:not at safepoint (normal execution)

VM Mutex/Monitor currently owned by a thread: None

Heap:
 PSYoungGen      total 75776K, used 5201K [0x000000076bb00000, 0x0000000770f80000, 0x00000007c0000000)
  eden space 65024K, 8% used [0x000000076bb00000,0x000000076c0147e0,0x000000076fa80000)
  from space 10752K, 0% used [0x0000000770500000,0x0000000770500000,0x0000000770f80000)
  to   space 10752K, 0% used [0x000000076fa80000,0x000000076fa80000,0x0000000770500000)
 ParOldGen       total 173568K, used 0K [0x00000006c3000000, 0x00000006cd980000, 0x000000076bb00000)
  object space 173568K, 0% used [0x00000006c3000000,0x00000006c3000000,0x00000006cd980000)
 Metaspace       used 4689K, capacity 5210K, committed 5504K, reserved 1056768K
  class space    used 488K, capacity 567K, committed 640K, reserved 1048576K

Card table byte_map: [0x0000000011b20000,0x0000000012310000] byte_map_base: 0x000000000e508000

Marking Bits: (ParMarkBitMap*) 0x000000006fdb0600
 Begin Bits: [0x0000000013490000, 0x00000000173d0000)
 End Bits:   [0x00000000173d0000, 0x000000001b310000)

Polling page: 0x0000000000110000

CodeCache: size=245760Kb used=1528Kb max_used=1528Kb free=244231Kb
 bounds [0x0000000002760000, 0x00000000029d0000, 0x0000000011760000]
 total_blobs=518 nmethods=238 adapters=201
 compilation: enabled

Compilation events (10 events):
Event: 0.182 Thread 0x000000001d5e5800  233       1       java.util.HashMap$Node::getKey (5 bytes)
Event: 0.182 Thread 0x000000001d5e5800 nmethod 233 0x00000000028d4890 code [0x00000000028d49e0, 0x00000000028d4af0]
Event: 0.182 Thread 0x000000001d5e5800  236       3       java.util.HashMap::put (13 bytes)
Event: 0.182 Thread 0x000000001d5e5800 nmethod 236 0x00000000028dcf90 code [0x00000000028dd120, 0x00000000028dd4d8]
Event: 0.182 Thread 0x000000001d5e5800  232       3       java.util.Arrays::copyOf (46 bytes)
Event: 0.182 Thread 0x000000001d5e5800 nmethod 232 0x00000000028dd610 code [0x00000000028dd7c0, 0x00000000028dde68]
Event: 0.182 Thread 0x000000001d5e5800  234       1       java.util.HashMap$Node::getValue (5 bytes)
Event: 0.182 Thread 0x000000001d5e5800 nmethod 234 0x00000000028d45d0 code [0x00000000028d4720, 0x00000000028d4830]
Event: 2.255 Thread 0x000000001d5e5800  238       3       java.util.HashMap$HashIterator::nextNode (100 bytes)
Event: 2.256 Thread 0x000000001d5e5800 nmethod 238 0x00000000028de090 code [0x00000000028de240, 0x00000000028de718]

GC Heap History (0 events):
No events

Deoptimization events (0 events):
No events

Internal exceptions (4 events):
Event: 0.024 Thread 0x000000000209a800 Exception <a 'java/lang/NoSuchMethodError': Method sun.misc.Unsafe.defineClass(Ljava/lang/String;[BII)Ljava/lang/Class; name or signature does not match> (0x000000076bb07cc0) thrown at [C:\re\workspace\8-2-build-windows-amd64-cygwin\jdk8u74\6087\hotspot\src,K‡ò?
Event: 0.024 Thread 0x000000000209a800 Exception <a 'java/lang/NoSuchMethodError': Method sun.misc.Unsafe.prefetchRead(Ljava/lang/Object;J)V name or signature does not match> (0x000000076bb07fa8) thrown at [C:\re\workspace\8-2-build-windows-amd64-cygwin\jdk8u74\6087\hotspot\src\share\vm\prims\jåó„p“√?
Event: 0.155 Thread 0x000000000209a800 Exception <a 'java/lang/NoSuchFieldError': method resolution failed> (0x000000076bf096c0) thrown at [C:\re\workspace\8-2-build-windows-amd64-cygwin\jdk8u74\6087\hotspot\src\share\vm\prims\methodHandles.cpp, line 1146]
Event: 0.157 Thread 0x000000000209a800 Exception <a 'java/lang/NoSuchFieldError': method resolution failed> (0x000000076bf16ac0) thrown at [C:\re\workspace\8-2-build-windows-amd64-cygwin\jdk8u74\6087\hotspot\src\share\vm\prims\methodHandles.cpp, line 1146]

Events (10 events):
Event: 4621.447 Executing VM operation: RedefineClasses
Event: 4621.448 Executing VM operation: RedefineClasses done
Event: 4902.632 Executing VM operation: RedefineClasses
Event: 4902.633 Executing VM operation: RedefineClasses done
Event: 4992.389 Executing VM operation: RedefineClasses
Event: 4992.390 Executing VM operation: RedefineClasses done
Event: 5199.437 Executing VM operation: RedefineClasses
Event: 5199.439 Executing VM operation: RedefineClasses done
Event: 5403.167 Executing VM operation: RedefineClasses
Event: 5403.168 Executing VM operation: RedefineClasses done


Dynamic libraries:
0x000000013fc00000 - 0x000000013fc37000 	C:\Program Files\Java\jdk1.8.0_74\bin\java.exe
0x00000000777c0000 - 0x000000007796a000 	C:\windows\SYSTEM32\ntdll.dll
0x00000000775a0000 - 0x00000000776bf000 	C:\windows\system32\kernel32.dll
0x000007fefd5b0000 - 0x000007fefd61a000 	C:\windows\system32\KERNELBASE.dll
0x000007feff450000 - 0x000007feff52b000 	C:\windows\system32\ADVAPI32.dll
0x000007fefe2c0000 - 0x000007fefe35f000 	C:\windows\system32\msvcrt.dll
0x000007fefd980000 - 0x000007fefd99f000 	C:\windows\SYSTEM32\sechost.dll
0x000007fefdf80000 - 0x000007fefe0ad000 	C:\windows\system32\RPCRT4.dll
0x00000000776c0000 - 0x00000000777ba000 	C:\windows\system32\USER32.dll
0x000007feffa60000 - 0x000007feffac7000 	C:\windows\system32\GDI32.dll
0x000007feff7c0000 - 0x000007feff7ce000 	C:\windows\system32\LPK.dll
0x000007fefe420000 - 0x000007fefe4ea000 	C:\windows\system32\USP10.dll
0x000007fefaaa0000 - 0x000007fefac94000 	C:\windows\WinSxS\amd64_microsoft.windows.common-controls_6595b64144ccf1df_6.0.7601.18837_none_fa3b1e3d17594757\COMCTL32.dll
0x000007fefd900000 - 0x000007fefd971000 	C:\windows\system32\SHLWAPI.dll
0x000007fefe4f0000 - 0x000007fefe51e000 	C:\Windows\system32\IMM32.DLL
0x000007feff870000 - 0x000007feff979000 	C:\windows\system32\MSCTF.dll
0x000007fefd460000 - 0x000007fefd4a4000 	C:\windows\system32\nvinitx.dll
0x00000000793d0000 - 0x00000000794a2000 	C:\Program Files\Java\jdk1.8.0_74\jre\bin\msvcr100.dll
0x000000006f5a0000 - 0x000000006fe30000 	C:\Program Files\Java\jdk1.8.0_74\jre\bin\server\jvm.dll
0x000007fef92a0000 - 0x000007fef92a9000 	C:\Windows\system32\WSOCK32.dll
0x000007fefdc60000 - 0x000007fefdcad000 	C:\windows\system32\WS2_32.dll
0x000007fefe520000 - 0x000007fefe528000 	C:\windows\system32\NSI.dll
0x000007fef5aa0000 - 0x000007fef5adb000 	C:\Windows\system32\WINMM.dll
0x000007fefc560000 - 0x000007fefc56c000 	C:\Windows\system32\VERSION.dll
0x0000000077980000 - 0x0000000077987000 	C:\windows\system32\PSAPI.DLL
0x000000006d570000 - 0x000000006d57f000 	C:\Program Files\Java\jdk1.8.0_74\jre\bin\verify.dll
0x000000005c300000 - 0x000000005c329000 	C:\Program Files\Java\jdk1.8.0_74\jre\bin\java.dll
0x000000006cfa0000 - 0x000000006cfd5000 	C:\Program Files\Java\jdk1.8.0_74\jre\bin\jdwp.dll
0x000000006d580000 - 0x000000006d588000 	C:\Program Files\Java\jdk1.8.0_74\jre\bin\npt.dll
0x0000000070100000 - 0x0000000070116000 	C:\Program Files\Java\jdk1.8.0_74\jre\bin\zip.dll
0x000007fefe6c0000 - 0x000007feff44c000 	C:\windows\system32\SHELL32.dll
0x000007fefe0b0000 - 0x000007fefe2b3000 	C:\windows\system32\ole32.dll
0x000007fefd540000 - 0x000007fefd54f000 	C:\windows\system32\profapi.dll
0x000000006d560000 - 0x000000006d569000 	C:\Program Files\Java\jdk1.8.0_74\jre\bin\dt_socket.dll
0x000007fefcd90000 - 0x000007fefcde5000 	C:\Windows\system32\mswsock.dll
0x000007fefc630000 - 0x000007fefc637000 	C:\Windows\System32\wshtcpip.dll
0x0000000000150000 - 0x000000000016a000 	C:\Program Files\Java\jdk1.8.0_74\jre\bin\net.dll
0x000007fefcd40000 - 0x000007fefcd47000 	C:\Windows\System32\wship6.dll
0x00000000003d0000 - 0x00000000003e1000 	C:\Program Files\Java\jdk1.8.0_74\jre\bin\nio.dll
0x000007fef9a20000 - 0x000007fef9b45000 	C:\Windows\system32\dbghelp.dll

VM Arguments:
jvm_args: -agentlib:jdwp=transport=dt_socket,address=127.0.0.1:14677,suspend=y,server=n -Dfile.encoding=UTF-8 
java_command: at.rwinterhalder.cc.Main
java_class_path (initial): C:\Program Files\Java\jdk1.8.0_74\jre\lib\charsets.jar;C:\Program Files\Java\jdk1.8.0_74\jre\lib\deploy.jar;C:\Program Files\Java\jdk1.8.0_74\jre\lib\ext\access-bridge-64.jar;C:\Program Files\Java\jdk1.8.0_74\jre\lib\ext\cldrdata.jar;C:\Program Files\Java\jdk1.8.0_74\jre\lib\ext\dnsns.jar;C:\Program Files\Java\jdk1.8.0_74\jre\lib\ext\jaccess.jar;C:\Program Files\Java\jdk1.8.0_74\jre\lib\ext\jfxrt.jar;C:\Program Files\Java\jdk1.8.0_74\jre\lib\ext\localedata.jar;C:\Program Files\Java\jdk1.8.0_74\jre\lib\ext\nashorn.jar;C:\Program Files\Java\jdk1.8.0_74\jre\lib\ext\sunec.jar;C:\Program Files\Java\jdk1.8.0_74\jre\lib\ext\sunjce_provider.jar;C:\Program Files\Java\jdk1.8.0_74\jre\lib\ext\sunmscapi.jar;C:\Program Files\Java\jdk1.8.0_74\jre\lib\ext\sunpkcs11.jar;C:\Program Files\Java\jdk1.8.0_74\jre\lib\ext\zipfs.jar;C:\Program Files\Java\jdk1.8.0_74\jre\lib\javaws.jar;C:\Program Files\Java\jdk1.8.0_74\jre\lib\jce.jar;C:\Program Files\Java\jdk1.8.0_74\jre\lib\jfr.jar;C:\Program Files\Java\jdk1.8.0_74\jre\lib\jfxswt.jar;C:\Program Files\Java\jdk1.8.0_74\jre\lib\jsse.jar;C:\Program Files\Java\jdk1.8.0_74\jre\lib\management-agent.jar;C:\Program Files\Java\jdk1.8.0_74\jre\lib\plugin.jar;C:\Program Files\Java\jdk1.8.0_74\jre\lib\resources.jar;C:\Program Files\Java\jdk1.8.0_74\jre\lib\rt.jar;D:\dev\playground\ConfigCompare\out\production\ConfigCompare;C:\Program Files (x86)\JetBrains\IntelliJ IDEA 15.0.3\lib\idea_rt.jar
Launcher Type: SUN_STANDARD

Environment Variables:
JAVA_HOME=C:\Program Files\Java\jdk1.8.0_74
USERNAME=rwinterhalder
OS=Windows_NT
PROCESSOR_IDENTIFIER=Intel64 Family 6 Model 58 Stepping 9, GenuineIntel



---------------  S Y S T E M  ---------------

OS: Windows 7 , 64 bit Build 7601 (6.1.7601.23418)

CPU:total 8 (4 cores per cpu, 2 threads per core) family 6 model 58 stepping 9, cmov, cx8, fxsr, mmx, sse, sse2, sse3, ssse3, sse4.1, sse4.2, popcnt, avx, aes, clmul, erms, ht, tsc, tscinvbit, tscinv

Memory: 4k page, physical 16578516k(5304404k free), swap 33155172k(13076040k free)

vm_info: Java HotSpot(TM) 64-Bit Server VM (25.74-b02) for windows-amd64 JRE (1.8.0_74-b02), built on Jan 29 2016 17:42:36 by "java_re" with MS VC++ 10.0 (VS2010)

time: Tue Jun 21 16:07:11 2016
elapsed time: 5501 seconds (0d 1h 31m 41s)

