#
# A fatal error has been detected by the Java Runtime Environment:
#
#  EXCEPTION_ACCESS_VIOLATION (0xc0000005) at pc=0x000000006f6c8d85, pid=4052, tid=1612
#
# JRE version: Java(TM) SE Runtime Environment (8.0_74-b02) (build 1.8.0_74-b02)
# Java VM: Java HotSpot(TM) 64-Bit Server VM (25.74-b02 mixed mode windows-amd64 compressed oops)
# Problematic frame:
# V  [jvm.dll+0x128d85]
#
# Failed to write core dump. Minidumps are not enabled by default on client versions of Windows
#
# If you would like to submit a bug report, please visit:
#   http://bugreport.java.com/bugreport/crash.jsp
#

---------------  T H R E A D  ---------------

Current thread (0x000000001d438800):  JavaThread "JDWP Transport Listener: dt_socket" daemon [_thread_in_vm, id=1612, stack(0x000000001ebe0000,0x000000001ece0000)]

siginfo: ExceptionCode=0xc0000005, reading address 0xffffffffffffffff

Registers:
RAX=0x000000001ecdf501, RBX=0x000000001d438800, RCX=0x614d2f6c6974752f, RDX=0x0000000000000000
RSP=0x000000001ecdf5a0, RBP=0x614d2f6c6974752f, RSI=0x000000001ecdf6b8, RDI=0x00000000003fcdb0
R8 =0x000000001d438800, R9 =0x000000000000ff00, R10=0x676e697274532f67, R11=0x08b2005500b0000d
R12=0x0000000000000000, R13=0x000000001d431bb8, R14=0x0000000000000000, R15=0x0000000000000000
RIP=0x000000006f6c8d85, EFLAGS=0x0000000000010202

Top of Stack: (sp=0x000000001ecdf5a0)
0x000000001ecdf5a0:   000000001d438800 000000001d438800
0x000000001ecdf5b0:   000000001ecdf668 000000006f8ce33b
0x000000001ecdf5c0:   000000001d438800 000000006f8eab9d
0x000000001ecdf5d0:   000000000000004a 000000006cfb9155
0x000000001ecdf5e0:   000000001d50a3b0 000000006cfc291e
0x000000001ecdf5f0:   000000001d438800 0000000000000000
0x000000001ecdf600:   0000000000000000 0000000000000000
0x000000001ecdf610:   614d2f6c6974752f 000000006cfc1a15
0x000000001ecdf620:   000000001ecdf6b8 000000001ecdf690
0x000000001ecdf630:   0000000000000001 000000001d50a3b0
0x000000001ecdf640:   614d2f6c6974752f 000000006cfa53b3
0x000000001ecdf650:   000000001ecdf780 0000000000000001
0x000000001ecdf660:   0000000000000001 000000001d50a3b0
0x000000001ecdf670:   000000000000000a 0000000000000000
0x000000001ecdf680:   0000000000000000 0000000000000000
0x000000001ecdf690:   0000000000000001 000000006cfa5571 

Instructions: (pc=0x000000006f6c8d85)
0x000000006f6c8d65:   cc cc cc cc cc cc cc cc cc cc cc 48 83 ec 28 48
0x000000006f6c8d75:   85 c9 75 07 33 c0 48 83 c4 28 c3 48 89 5c 24 20
0x000000006f6c8d85:   48 8b 19 48 85 db 74 20 48 83 fb 37 74 1a 48 8b
0x000000006f6c8d95:   13 48 8b cb ff 52 10 84 c0 74 0d 48 8b c3 48 8b 


Register to memory mapping:

RAX=0x000000001ecdf501 is pointing into the stack for thread: 0x000000001d438800
RBX=0x000000001d438800 is a thread
RCX=0x614d2f6c6974752f is an unknown value
RDX=0x0000000000000000 is an unknown value
RSP=0x000000001ecdf5a0 is pointing into the stack for thread: 0x000000001d438800
RBP=0x614d2f6c6974752f is an unknown value
RSI=0x000000001ecdf6b8 is pointing into the stack for thread: 0x000000001d438800
RDI=0x00000000003fcdb0 is an unknown value
R8 =0x000000001d438800 is a thread
R9 =0x000000000000ff00 is an unknown value
R10=0x676e697274532f67 is an unknown value
R11=0x08b2005500b0000d is an unknown value
R12=0x0000000000000000 is an unknown value
R13=0x000000001d431bb8 is an unknown value
R14=0x0000000000000000 is an unknown value
R15=0x0000000000000000 is an unknown value


Stack: [0x000000001ebe0000,0x000000001ece0000],  sp=0x000000001ecdf5a0,  free space=1021k
Native frames: (J=compiled Java code, j=interpreted, Vv=VM code, C=native code)
V  [jvm.dll+0x128d85]
V  [jvm.dll+0x34ab9d]
C  [jdwp.dll+0x21a15]
C  [jdwp.dll+0x53b3]
C  [jdwp.dll+0x5571]
C  [jdwp.dll+0xf0a8]
C  [jdwp.dll+0x1f2d5]
C  [jdwp.dll+0x1f4aa]
V  [jvm.dll+0x1bba58]
V  [jvm.dll+0x243434]
V  [jvm.dll+0x29a27a]
C  [msvcr100.dll+0x21d9f]
C  [msvcr100.dll+0x21e3b]
C  [kernel32.dll+0x159bd]
C  [ntdll.dll+0x2a2e1]


---------------  P R O C E S S  ---------------

Java Threads: ( => current thread )
  0x000000001d454800 JavaThread "Service Thread" daemon [_thread_blocked, id=15184, stack(0x000000001f660000,0x000000001f760000)]
  0x000000001d454000 JavaThread "C1 CompilerThread3" daemon [_thread_blocked, id=7312, stack(0x000000001f4a0000,0x000000001f5a0000)]
  0x000000001d453000 JavaThread "C2 CompilerThread2" daemon [_thread_blocked, id=6300, stack(0x000000001e340000,0x000000001e440000)]
  0x000000001d450000 JavaThread "C2 CompilerThread1" daemon [_thread_blocked, id=5560, stack(0x000000001f2c0000,0x000000001f3c0000)]
  0x000000001d457000 JavaThread "C2 CompilerThread0" daemon [_thread_blocked, id=14348, stack(0x000000001f110000,0x000000001f210000)]
  0x000000001d43f800 JavaThread "JDWP Command Reader" daemon [_thread_in_native, id=8580, stack(0x000000001ef10000,0x000000001f010000)]
  0x000000001d43d000 JavaThread "JDWP Event Helper Thread" daemon [_thread_blocked, id=5352, stack(0x000000001ed20000,0x000000001ee20000)]
=>0x000000001d438800 JavaThread "JDWP Transport Listener: dt_socket" daemon [_thread_in_vm, id=1612, stack(0x000000001ebe0000,0x000000001ece0000)]
  0x000000001d429000 JavaThread "Attach Listener" daemon [_thread_blocked, id=12576, stack(0x000000001ea90000,0x000000001eb90000)]
  0x000000001d428000 JavaThread "Signal Dispatcher" daemon [_thread_blocked, id=3784, stack(0x000000001e560000,0x000000001e660000)]
  0x000000001c375800 JavaThread "Finalizer" daemon [_thread_blocked, id=13408, stack(0x000000001e880000,0x000000001e980000)]
  0x000000001c36f000 JavaThread "Reference Handler" daemon [_thread_blocked, id=13800, stack(0x000000001e6a0000,0x000000001e7a0000)]
  0x0000000001f8a800 JavaThread "main" [_thread_blocked, id=8604, stack(0x0000000002320000,0x0000000002420000)]

Other Threads:
  0x000000001d3d2800 VMThread [stack: 0x000000001e450000,0x000000001e550000] [id=14212]
  0x000000001d450800 WatcherThread [stack: 0x000000001f8d0000,0x000000001f9d0000] [id=13652]

VM state:not at safepoint (normal execution)

VM Mutex/Monitor currently owned by a thread: None

Heap:
 PSYoungGen      total 75776K, used 5202K [0x000000076bb00000, 0x0000000770f80000, 0x00000007c0000000)
  eden space 65024K, 8% used [0x000000076bb00000,0x000000076c014938,0x000000076fa80000)
  from space 10752K, 0% used [0x0000000770500000,0x0000000770500000,0x0000000770f80000)
  to   space 10752K, 0% used [0x000000076fa80000,0x000000076fa80000,0x0000000770500000)
 ParOldGen       total 173568K, used 0K [0x00000006c3000000, 0x00000006cd980000, 0x000000076bb00000)
  object space 173568K, 0% used [0x00000006c3000000,0x00000006c3000000,0x00000006cd980000)
 Metaspace       used 4282K, capacity 4790K, committed 4992K, reserved 1056768K
  class space    used 478K, capacity 531K, committed 640K, reserved 1048576K

Card table byte_map: [0x0000000011ab0000,0x00000000122a0000] byte_map_base: 0x000000000e498000

Marking Bits: (ParMarkBitMap*) 0x000000006fdb0600
 Begin Bits: [0x0000000013310000, 0x0000000017250000)
 End Bits:   [0x0000000017250000, 0x000000001b190000)

Polling page: 0x0000000000210000

CodeCache: size=245760Kb used=1505Kb max_used=1505Kb free=244254Kb
 bounds [0x00000000026f0000, 0x0000000002960000, 0x00000000116f0000]
 total_blobs=509 nmethods=229 adapters=201
 compilation: enabled

Compilation events (10 events):
Event: 0.233 Thread 0x000000001d454000  224       3       jdk.internal.org.objectweb.asm.ByteVector::putInt (74 bytes)
Event: 0.233 Thread 0x000000001d454000 nmethod 224 0x0000000002861610 code [0x0000000002861780, 0x0000000002861a28]
Event: 0.233 Thread 0x000000001d454000  226   !   3       java.util.concurrent.ConcurrentHashMap::putVal (362 bytes)
Event: 0.235 Thread 0x000000001d454000 nmethod 226 0x0000000002863550 code [0x0000000002863840, 0x0000000002865358]
Event: 0.237 Thread 0x000000001d454000  227   !   3       java.io.BufferedReader::readLine (304 bytes)
Event: 0.238 Thread 0x000000001d454000 nmethod 227 0x0000000002866110 code [0x00000000028663c0, 0x0000000002867d28]
Event: 0.238 Thread 0x000000001d454000  229       3       java.util.ArrayList::add (29 bytes)
Event: 0.239 Thread 0x000000001d454000 nmethod 229 0x0000000002860710 code [0x00000000028608a0, 0x0000000002860dc8]
Event: 0.239 Thread 0x000000001d454000  228       3       java.util.AbstractList::<init> (10 bytes)
Event: 0.239 Thread 0x000000001d454000 nmethod 228 0x0000000002860290 code [0x0000000002860400, 0x0000000002860610]

GC Heap History (0 events):
No events

Deoptimization events (0 events):
No events

Internal exceptions (4 events):
Event: 0.030 Thread 0x0000000001f8a800 Exception <a 'java/lang/NoSuchMethodError': Method sun.misc.Unsafe.defineClass(Ljava/lang/String;[BII)Ljava/lang/Class; name or signature does not match> (0x000000076bb07cc0) thrown at [C:\re\workspace\8-2-build-windows-amd64-cygwin\jdk8u74\6087\hotspot\sr?l{lk=Ÿ?
Event: 0.031 Thread 0x0000000001f8a800 Exception <a 'java/lang/NoSuchMethodError': Method sun.misc.Unsafe.prefetchRead(Ljava/lang/Object;J)V name or signature does not match> (0x000000076bb07fa8) thrown at [C:\re\workspace\8-2-build-windows-amd64-cygwin\jdk8u74\6087\hotspot\src\share\vm\prims\j/ ™³GÊ?
Event: 0.205 Thread 0x0000000001f8a800 Exception <a 'java/lang/NoSuchFieldError': method resolution failed> (0x000000076bf07ee0) thrown at [C:\re\workspace\8-2-build-windows-amd64-cygwin\jdk8u74\6087\hotspot\src\share\vm\prims\methodHandles.cpp, line 1146]
Event: 0.208 Thread 0x0000000001f8a800 Exception <a 'java/lang/NoSuchFieldError': method resolution failed> (0x000000076bf152e0) thrown at [C:\re\workspace\8-2-build-windows-amd64-cygwin\jdk8u74\6087\hotspot\src\share\vm\prims\methodHandles.cpp, line 1146]

Events (10 events):
Event: 265.096 Executing VM operation: RedefineClasses
Event: 265.097 Executing VM operation: RedefineClasses done
Event: 2485.480 Executing VM operation: RedefineClasses
Event: 2485.481 Executing VM operation: RedefineClasses done
Event: 2649.028 Executing VM operation: RedefineClasses
Event: 2649.029 Executing VM operation: RedefineClasses done
Event: 2990.655 Executing VM operation: RedefineClasses
Event: 2990.656 Executing VM operation: RedefineClasses done
Event: 3167.919 Executing VM operation: RedefineClasses
Event: 3167.921 Executing VM operation: RedefineClasses done


Dynamic libraries:
0x000000013fc00000 - 0x000000013fc37000 	C:\Program Files\Java\jdk1.8.0_74\bin\java.exe
0x00000000777c0000 - 0x000000007796a000 	C:\windows\SYSTEM32\ntdll.dll
0x00000000775a0000 - 0x00000000776bf000 	C:\windows\system32\kernel32.dll
0x000007fefd5b0000 - 0x000007fefd61a000 	C:\windows\system32\KERNELBASE.dll
0x000007feff450000 - 0x000007feff52b000 	C:\windows\system32\ADVAPI32.dll
0x000007fefe2c0000 - 0x000007fefe35f000 	C:\windows\system32\msvcrt.dll
0x000007fefd980000 - 0x000007fefd99f000 	C:\windows\SYSTEM32\sechost.dll
0x000007fefdf80000 - 0x000007fefe0ad000 	C:\windows\system32\RPCRT4.dll
0x00000000776c0000 - 0x00000000777ba000 	C:\windows\system32\USER32.dll
0x000007feffa60000 - 0x000007feffac7000 	C:\windows\system32\GDI32.dll
0x000007feff7c0000 - 0x000007feff7ce000 	C:\windows\system32\LPK.dll
0x000007fefe420000 - 0x000007fefe4ea000 	C:\windows\system32\USP10.dll
0x000007fefaaa0000 - 0x000007fefac94000 	C:\windows\WinSxS\amd64_microsoft.windows.common-controls_6595b64144ccf1df_6.0.7601.18837_none_fa3b1e3d17594757\COMCTL32.dll
0x000007fefd900000 - 0x000007fefd971000 	C:\windows\system32\SHLWAPI.dll
0x000007fefe4f0000 - 0x000007fefe51e000 	C:\Windows\system32\IMM32.DLL
0x000007feff870000 - 0x000007feff979000 	C:\windows\system32\MSCTF.dll
0x000007fefd460000 - 0x000007fefd4a4000 	C:\windows\system32\nvinitx.dll
0x00000000793d0000 - 0x00000000794a2000 	C:\Program Files\Java\jdk1.8.0_74\jre\bin\msvcr100.dll
0x000000006f5a0000 - 0x000000006fe30000 	C:\Program Files\Java\jdk1.8.0_74\jre\bin\server\jvm.dll
0x000007fef92a0000 - 0x000007fef92a9000 	C:\Windows\system32\WSOCK32.dll
0x000007fefdc60000 - 0x000007fefdcad000 	C:\windows\system32\WS2_32.dll
0x000007fefe520000 - 0x000007fefe528000 	C:\windows\system32\NSI.dll
0x000007fef5aa0000 - 0x000007fef5adb000 	C:\Windows\system32\WINMM.dll
0x000007fefc560000 - 0x000007fefc56c000 	C:\Windows\system32\VERSION.dll
0x0000000077980000 - 0x0000000077987000 	C:\windows\system32\PSAPI.DLL
0x000000006d570000 - 0x000000006d57f000 	C:\Program Files\Java\jdk1.8.0_74\jre\bin\verify.dll
0x000000005c300000 - 0x000000005c329000 	C:\Program Files\Java\jdk1.8.0_74\jre\bin\java.dll
0x000000006cfa0000 - 0x000000006cfd5000 	C:\Program Files\Java\jdk1.8.0_74\jre\bin\jdwp.dll
0x000000006d580000 - 0x000000006d588000 	C:\Program Files\Java\jdk1.8.0_74\jre\bin\npt.dll
0x0000000070100000 - 0x0000000070116000 	C:\Program Files\Java\jdk1.8.0_74\jre\bin\zip.dll
0x000007fefe6c0000 - 0x000007feff44c000 	C:\windows\system32\SHELL32.dll
0x000007fefe0b0000 - 0x000007fefe2b3000 	C:\windows\system32\ole32.dll
0x000007fefd540000 - 0x000007fefd54f000 	C:\windows\system32\profapi.dll
0x000000006d560000 - 0x000000006d569000 	C:\Program Files\Java\jdk1.8.0_74\jre\bin\dt_socket.dll
0x000007fefcd90000 - 0x000007fefcde5000 	C:\Windows\system32\mswsock.dll
0x000007fefc630000 - 0x000007fefc637000 	C:\Windows\System32\wshtcpip.dll
0x00000000003b0000 - 0x00000000003ca000 	C:\Program Files\Java\jdk1.8.0_74\jre\bin\net.dll
0x000007fefcd40000 - 0x000007fefcd47000 	C:\Windows\System32\wship6.dll
0x00000000003d0000 - 0x00000000003e1000 	C:\Program Files\Java\jdk1.8.0_74\jre\bin\nio.dll
0x000007fef9a20000 - 0x000007fef9b45000 	C:\Windows\system32\dbghelp.dll

VM Arguments:
jvm_args: -agentlib:jdwp=transport=dt_socket,address=127.0.0.1:13546,suspend=y,server=n -Dfile.encoding=UTF-8 
java_command: at.rwinterhalder.cc.Main
java_class_path (initial): C:\Program Files\Java\jdk1.8.0_74\jre\lib\charsets.jar;C:\Program Files\Java\jdk1.8.0_74\jre\lib\deploy.jar;C:\Program Files\Java\jdk1.8.0_74\jre\lib\ext\access-bridge-64.jar;C:\Program Files\Java\jdk1.8.0_74\jre\lib\ext\cldrdata.jar;C:\Program Files\Java\jdk1.8.0_74\jre\lib\ext\dnsns.jar;C:\Program Files\Java\jdk1.8.0_74\jre\lib\ext\jaccess.jar;C:\Program Files\Java\jdk1.8.0_74\jre\lib\ext\jfxrt.jar;C:\Program Files\Java\jdk1.8.0_74\jre\lib\ext\localedata.jar;C:\Program Files\Java\jdk1.8.0_74\jre\lib\ext\nashorn.jar;C:\Program Files\Java\jdk1.8.0_74\jre\lib\ext\sunec.jar;C:\Program Files\Java\jdk1.8.0_74\jre\lib\ext\sunjce_provider.jar;C:\Program Files\Java\jdk1.8.0_74\jre\lib\ext\sunmscapi.jar;C:\Program Files\Java\jdk1.8.0_74\jre\lib\ext\sunpkcs11.jar;C:\Program Files\Java\jdk1.8.0_74\jre\lib\ext\zipfs.jar;C:\Program Files\Java\jdk1.8.0_74\jre\lib\javaws.jar;C:\Program Files\Java\jdk1.8.0_74\jre\lib\jce.jar;C:\Program Files\Java\jdk1.8.0_74\jre\lib\jfr.jar;C:\Program Files\Java\jdk1.8.0_74\jre\lib\jfxswt.jar;C:\Program Files\Java\jdk1.8.0_74\jre\lib\jsse.jar;C:\Program Files\Java\jdk1.8.0_74\jre\lib\management-agent.jar;C:\Program Files\Java\jdk1.8.0_74\jre\lib\plugin.jar;C:\Program Files\Java\jdk1.8.0_74\jre\lib\resources.jar;C:\Program Files\Java\jdk1.8.0_74\jre\lib\rt.jar;D:\dev\playground\ConfigCompare\out\production\ConfigCompare;C:\Program Files (x86)\JetBrains\IntelliJ IDEA 15.0.3\lib\idea_rt.jar
Launcher Type: SUN_STANDARD

Environment Variables:
JAVA_HOME=C:\Program Files\Java\jdk1.8.0_74
USERNAME=rwinterhalder
OS=Windows_NT
PROCESSOR_IDENTIFIER=Intel64 Family 6 Model 58 Stepping 9, GenuineIntel



---------------  S Y S T E M  ---------------

OS: Windows 7 , 64 bit Build 7601 (6.1.7601.23418)

CPU:total 8 (4 cores per cpu, 2 threads per core) family 6 model 58 stepping 9, cmov, cx8, fxsr, mmx, sse, sse2, sse3, ssse3, sse4.1, sse4.2, popcnt, avx, aes, clmul, erms, ht, tsc, tscinvbit, tscinv

Memory: 4k page, physical 16578516k(4950196k free), swap 33155172k(13604456k free)

vm_info: Java HotSpot(TM) 64-Bit Server VM (25.74-b02) for windows-amd64 JRE (1.8.0_74-b02), built on Jan 29 2016 17:42:36 by "java_re" with MS VC++ 10.0 (VS2010)

time: Tue Jun 21 14:27:27 2016
elapsed time: 3177 seconds (0d 0h 52m 57s)

